2018-08-22 12:17:58.260030 2OceansVibe restart
2018-08-22 12:17:58.260069 attempting to kill station 2OceansVibe
2018-08-22 12:17:58.260153 2OceansVibe pid not present
2018-08-22 12:17:58.260166 starting 2OceansVibe
22-08-2018__12:18:00 started recording 2OceansVibe on process id: 44680
2018-08-22 12:43:52.856478 5FM restart
2018-08-22 12:43:52.856507 attempting to kill station 5FM
2018-08-22 12:43:52.856577 5FM pid not present
2018-08-22 12:43:52.856590 starting 5FM
22-08-2018__12:43:54 started recording 5FM on process id: 58338
2018-08-22 12:45:35.499628 1FM restart
2018-08-22 12:45:35.499672 attempting to kill station 1FM
2018-08-22 12:45:35.499781 1FM pid not present
2018-08-22 12:45:35.499794 starting 1FM
22-08-2018__12:45:37 started recording 1FM on process id: 59392
2018-08-22 13:31:07.701870 1FM restart
2018-08-22 13:31:07.701921 attempting to kill station 1FM
2018-08-22 13:31:07.702017 1FM pid not present
2018-08-22 13:31:07.702032 starting 1FM
22-08-2018__13:31:09 started recording 1FM on process id: 89434
2018-08-22 13:31:14.711487 5FM restart
2018-08-22 13:31:14.711541 attempting to kill station 5FM
2018-08-22 13:31:14.711651 5FM pid not present
2018-08-22 13:31:14.711666 starting 5FM
22-08-2018__13:31:16 started recording 5FM on process id: 89470
2018-08-22 13:31:21.720234 2OceansVibe restart
2018-08-22 13:31:21.720285 attempting to kill station 2OceansVibe
2018-08-22 13:31:21.720397 2OceansVibe pid not present
2018-08-22 13:31:21.720412 starting 2OceansVibe
22-08-2018__13:31:23 started recording 2OceansVibe on process id: 89806
2018-08-22 13:39:42.351677 M_NET restart
2018-08-22 13:39:42.351726 attempting to kill station M_NET
2018-08-22 13:39:42.351836 M_NET pid not present
2018-08-22 13:39:42.351851 starting M_NET
22-08-2018__13:39:44 started recording M_NET on process id: 95177
2018-08-22 13:45:19.791607 M_NET restart
2018-08-22 13:45:19.791658 attempting to kill station M_NET
2018-08-22 13:45:19.791768 M_NET pid not present
2018-08-22 13:45:19.791784 starting M_NET
22-08-2018__13:45:21 started recording M_NET on process id: 96549
2018-08-22 13:49:34.109095 94_7_Highveld_Stereo restart
2018-08-22 13:49:34.109141 attempting to kill station 94_7_Highveld_Stereo
2018-08-22 13:49:34.109250 94_7_Highveld_Stereo pid not present
2018-08-22 13:49:34.109264 starting 94_7_Highveld_Stereo
22-08-2018__13:49:36 started recording 94_7_Highveld_Stereo on process id: 98032
2018-08-22 13:49:41.117671 94_5_KFM restart
2018-08-22 13:49:41.117721 attempting to kill station 94_5_KFM
2018-08-22 13:49:41.117827 94_5_KFM pid not present
2018-08-22 13:49:41.117841 starting 94_5_KFM
22-08-2018__13:49:43 started recording 94_5_KFM on process id: 98369
2018-08-22 13:49:53.133453 CliffCentral_com restart
2018-08-22 13:49:53.133501 attempting to kill station CliffCentral_com
2018-08-22 13:49:53.133609 CliffCentral_com pid not present
2018-08-22 13:49:53.133624 starting CliffCentral_com
22-08-2018__13:49:55 started recording CliffCentral_com on process id: 98406
2018-08-22 13:50:05.149581 Talk_Radio_702 restart
2018-08-22 13:50:05.149630 attempting to kill station Talk_Radio_702
2018-08-22 13:50:05.149738 Talk_Radio_702 pid not present
2018-08-22 13:50:05.149753 starting Talk_Radio_702
22-08-2018__13:50:07 started recording Talk_Radio_702 on process id: 99052
2018-08-22 13:51:55.282458 567_CapeTalk restart
2018-08-22 13:51:55.282502 attempting to kill station 567_CapeTalk
2018-08-22 13:51:55.282610 567_CapeTalk pid not present
2018-08-22 13:51:55.282625 starting 567_CapeTalk
22-08-2018__13:51:57 started recording 567_CapeTalk on process id: 100663
